This is pdfTeX, Version 3.141592653-2.6-1.40.25 (TeX Live 2023) (preloaded format=pdflatex 2024.1.24)  29 DEC 2024 14:18
entering extended mode
 \write18 enabled.
 %&-line parsing enabled.
**"./TD-reference.ltx "
(./TD-reference.ltx
LaTeX2e <2023-11-01> patch level 1
L3 programming layer <2024-01-22>

(c:/Users/Kamal/AppData/Local/Programs/texlive/2023/texmf-dist/tex/latex/base/a
rticle.cls
Document Class: article 2023/05/17 v1.4n Standard LaTeX document class

(c:/Users/Kamal/AppData/Local/Programs/texlive/2023/texmf-dist/tex/latex/base/s
ize10.clo
File: size10.clo 2023/05/17 v1.4n Standard LaTeX file (size option)
)
\c@part=\count187
\c@section=\count188
\c@subsection=\count189
\c@subsubsection=\count190
\c@paragraph=\count191
\c@subparagraph=\count192
\c@figure=\count193
\c@table=\count194
\abovecaptionskip=\skip48
\belowcaptionskip=\skip49
\bibindent=\dimen140
)
(c:/Users/Kamal/AppData/Local/Programs/texlive/2023/texmf-dist/tex/latex/geomet
ry/geometry.sty
Package: geometry 2020/01/02 v5.9 Page Geometry

(c:/Users/Kamal/AppData/Local/Programs/texlive/2023/texmf-dist/tex/latex/graphi
cs/keyval.sty
Package: keyval 2022/05/29 v1.15 key=value parser (DPC)
\KV@toks@=\toks17
)
(c:/Users/Kamal/AppData/Local/Programs/texlive/2023/texmf-dist/tex/generic/ifte
x/ifvtex.sty
Package: ifvtex 2019/10/25 v1.7 ifvtex legacy package. Use iftex instead.

(c:/Users/Kamal/AppData/Local/Programs/texlive/2023/texmf-dist/tex/generic/ifte
x/iftex.sty
Package: iftex 2022/02/03 v1.0f TeX engine tests
))
\Gm@cnth=\count195
\Gm@cntv=\count196
\c@Gm@tempcnt=\count197
\Gm@bindingoffset=\dimen141
\Gm@wd@mp=\dimen142
\Gm@odd@mp=\dimen143
\Gm@even@mp=\dimen144
\Gm@layoutwidth=\dimen145
\Gm@layoutheight=\dimen146
\Gm@layouthoffset=\dimen147
\Gm@layoutvoffset=\dimen148
\Gm@dimlist=\toks18
)
(c:/Users/Kamal/AppData/Local/Programs/texlive/2023/texmf-dist/tex/latex/l3back
end/l3backend-pdftex.def
File: l3backend-pdftex.def 2024-01-04 L3 backend support: PDF output (pdfTeX)
\l__color_backend_stack_int=\count198
\l__pdf_internal_box=\box51
) (./TD-reference.aux)
\openout1 = `TD-reference.aux'.

LaTeX Font Info:    Checking defaults for OML/cmm/m/it on input line 5.
LaTeX Font Info:    ... okay on input line 5.
LaTeX Font Info:    Checking defaults for OMS/cmsy/m/n on input line 5.
LaTeX Font Info:    ... okay on input line 5.
LaTeX Font Info:    Checking defaults for OT1/cmr/m/n on input line 5.
LaTeX Font Info:    ... okay on input line 5.
LaTeX Font Info:    Checking defaults for T1/cmr/m/n on input line 5.
LaTeX Font Info:    ... okay on input line 5.
LaTeX Font Info:    Checking defaults for TS1/cmr/m/n on input line 5.
LaTeX Font Info:    ... okay on input line 5.
LaTeX Font Info:    Checking defaults for OMX/cmex/m/n on input line 5.
LaTeX Font Info:    ... okay on input line 5.
LaTeX Font Info:    Checking defaults for U/cmr/m/n on input line 5.
LaTeX Font Info:    ... okay on input line 5.

*geometry* driver: auto-detecting
*geometry* detected driver: pdftex
*geometry* verbose mode - [ preamble ] result:
* driver: pdftex
* paper: <default>
* layout: <same size as paper>
* layoutoffset:(h,v)=(0.0pt,0.0pt)
* modes: 
* h-part:(L,W,R)=(92.14519pt, 430.00462pt, 92.14519pt)
* v-part:(T,H,B)=(95.39737pt, 556.47656pt, 143.09605pt)
* \paperwidth=614.295pt
* \paperheight=794.96999pt
* \textwidth=430.00462pt
* \textheight=556.47656pt
* \oddsidemargin=19.8752pt
* \evensidemargin=19.8752pt
* \topmargin=-13.87262pt
* \headheight=12.0pt
* \headsep=25.0pt
* \topskip=10.0pt
* \footskip=30.0pt
* \marginparwidth=65.0pt
* \marginparsep=11.0pt
* \columnsep=10.0pt
* \skip\footins=9.0pt plus 4.0pt minus 2.0pt
* \hoffset=0.0pt
* \voffset=0.0pt
* \mag=1000
* \@twocolumnfalse
* \@twosidefalse
* \@mparswitchfalse
* \@reversemarginfalse
* (1in=72.27pt=25.4mm, 1cm=28.453pt)

LaTeX Font Info:    External font `cmex10' loaded for size
(Font)              <7> on input line 13.
LaTeX Font Info:    External font `cmex10' loaded for size
(Font)              <5> on input line 13.

Underfull \hbox (badness 10000) in paragraph at lines 56--62

 []


Underfull \hbox (badness 10000) in paragraph at lines 56--62

 []

[1

{c:/Users/Kamal/AppData/Local/Programs/texlive/2023/texmf-var/fonts/map/pdftex/
updmap/pdftex.map}{c:/Users/Kamal/AppData/Local/Programs/texlive/2023/texmf-dis
t/fonts/enc/dvips/cm-super/cm-super-ts1.enc}] (./TD-reference.aux)
 ***********
LaTeX2e <2023-11-01> patch level 1
L3 programming layer <2024-01-22>
 ***********
 ) 
Here is how much of TeX's memory you used:
 1045 strings out of 474222
 18395 string characters out of 5732604
 1930978 words of memory out of 5000000
 23358 multiletter control sequences out of 15000+600000
 559663 words of font info for 41 fonts, out of 8000000 for 9000
 1141 hyphenation exceptions out of 8191
 56i,11n,65p,294b,368s stack positions out of 10000i,1000n,20000p,200000b,200000s
<c:/Users/Kamal/AppData/Local/Programs/texlive/2023/texmf-dist/fonts/type1/pu
blic/amsfonts/cm/cmbx10.pfb><c:/Users/Kamal/AppData/Local/Programs/texlive/2023
/texmf-dist/fonts/type1/public/amsfonts/cm/cmbx12.pfb><c:/Users/Kamal/AppData/L
ocal/Programs/texlive/2023/texmf-dist/fonts/type1/public/amsfonts/cm/cmr10.pfb>
<c:/Users/Kamal/AppData/Local/Programs/texlive/2023/texmf-dist/fonts/type1/publ
ic/amsfonts/cm/cmti10.pfb><c:/Users/Kamal/AppData/Local/Programs/texlive/2023/t
exmf-dist/fonts/type1/public/cm-super/sfrm1000.pfb>
Output written on TD-reference.pdf (1 page, 72076 bytes).
PDF statistics:
 34 PDF objects out of 1000 (max. 8388607)
 20 compressed objects within 1 object stream
 0 named destinations out of 1000 (max. 500000)
 1 words of extra memory for PDF output out of 10000 (max. 10000000)

